This is pdfTeX, Version 3.141592-1.40.3 (Web2C 7.5.6) (format=pdflatex 2009.3.8)  17 SEP 2009 23:08
entering extended mode
**design.tex
(./design.tex
LaTeX2e <2005/12/01>
Babel <v3.8h> and hyphenation patterns for english, usenglishmax, dumylang, noh
yphenation, basque, bulgarian, coptic, welsh, czech, slovak, german, ngerman, d
anish, esperanto, spanish, catalan, galician, estonian, finnish, french, greek,
 monogreek, ancientgreek, croatian, hungarian, interlingua, ibycus, indonesian,
 icelandic, italian, latin, mongolian, dutch, norsk, polish, portuguese, romani
an, russian, slovenian, uppersorbian, serbian, swedish, turkish, ukenglish, ukr
ainian, loaded.
(/usr/share/texmf/tex/latex/base/article.cls
Document Class: article 2005/09/16 v1.4f Standard LaTeX document class
(/usr/share/texmf/tex/latex/base/size10.clo
File: size10.clo 2005/09/16 v1.4f Standard LaTeX file (size option)
)
\c@part=\count79
\c@section=\count80
\c@subsection=\count81
\c@subsubsection=\count82
\c@paragraph=\count83
\c@subparagraph=\count84
\c@figure=\count85
\c@table=\count86
\abovecaptionskip=\skip41
\belowcaptionskip=\skip42
\bibindent=\dimen102
)
(/usr/share/texmf/tex/latex/graphics/graphicx.sty
Package: graphicx 1999/02/16 v1.0f Enhanced LaTeX Graphics (DPC,SPQR)

(/usr/share/texmf/tex/latex/graphics/keyval.sty
Package: keyval 1999/03/16 v1.13 key=value parser (DPC)
\KV@toks@=\toks14
)
(/usr/share/texmf/tex/latex/graphics/graphics.sty
Package: graphics 2006/02/20 v1.0o Standard LaTeX Graphics (DPC,SPQR)

(/usr/share/texmf/tex/latex/graphics/trig.sty
Package: trig 1999/03/16 v1.09 sin cos tan (DPC)
)
(/usr/lib/texmf/tex/latex/config/graphics.cfg
File: graphics.cfg 2007/01/18 v1.5 graphics configuration of teTeX/TeXLive
)
Package graphics Info: Driver file: pdftex.def on input line 90.

(/usr/share/texmf/tex/latex/pdftex-def/pdftex.def
File: pdftex.def 2007/01/08 v0.04d Graphics/color for pdfTeX
\Gread@gobject=\count87
))
\Gin@req@height=\dimen103
\Gin@req@width=\dimen104
) (./design.aux)
\openout1 = `design.aux'.

LaTeX Font Info:    Checking defaults for OML/cmm/m/it on input line 4.
LaTeX Font Info:    ... okay on input line 4.
LaTeX Font Info:    Checking defaults for T1/cmr/m/n on input line 4.
LaTeX Font Info:    ... okay on input line 4.
LaTeX Font Info:    Checking defaults for OT1/cmr/m/n on input line 4.
LaTeX Font Info:    ... okay on input line 4.
LaTeX Font Info:    Checking defaults for OMS/cmsy/m/n on input line 4.
LaTeX Font Info:    ... okay on input line 4.
LaTeX Font Info:    Checking defaults for OMX/cmex/m/n on input line 4.
LaTeX Font Info:    ... okay on input line 4.
LaTeX Font Info:    Checking defaults for U/cmr/m/n on input line 4.
LaTeX Font Info:    ... okay on input line 4.
LaTeX Font Info:    External font `cmex10' loaded for size
(Font)              <12> on input line 8.
LaTeX Font Info:    External font `cmex10' loaded for size
(Font)              <8> on input line 8.
LaTeX Font Info:    External font `cmex10' loaded for size
(Font)              <6> on input line 8.


LaTeX Warning: No \author given.

(./intro.tex
LaTeX Font Info:    External font `cmex10' loaded for size
(Font)              <7> on input line 10.
LaTeX Font Info:    External font `cmex10' loaded for size
(Font)              <5> on input line 10.
) (./motivation.tex) (./reqs.tex [1

{/var/lib/texmf/fonts/map/pdftex/updmap/pdftex.map}]) (./arch.tex
LaTeX Font Info:    Try loading font information for OMS+cmr on input line 5.
 (/usr/share/texmf/tex/latex/base/omscmr.fd
File: omscmr.fd 1999/05/25 v2.5h Standard LaTeX font definitions
)
LaTeX Font Info:    Font shape `OMS/cmr/m/n' in size <10> not available
(Font)              Font shape `OMS/cmsy/m/n' tried instead on input line 5.

<figs/dns-control-flow.pdf, id=11, 439.6425pt x 292.59312pt>
File: figs/dns-control-flow.pdf Graphic file (type pdf)

<use figs/dns-control-flow.pdf>
<figs/tun-control-flow.pdf, id=12, 439.6425pt x 292.59312pt>
File: figs/tun-control-flow.pdf Graphic file (type pdf)

<use figs/tun-control-flow.pdf> [2] [3 <./figs/dns-control-flow.pdf>])
(./comp.tex <figs/uml.pdf, id=69, 448.67422pt x 565.10825pt>
File: figs/uml.pdf Graphic file (type pdf)

<use figs/uml.pdf>) (./nat3d.tex
<figs/nat3d.pdf, id=70, 132.493pt x 98.3667pt>
File: figs/nat3d.pdf Graphic file (type pdf)
 <use figs/nat3d.pdf> [4 <./figs/tun-control-flow.pdf>] [5 <./figs/uml.pdf>]) (
./lru.tex
<figs/lru.pdf, id=146, 123.45924pt x 176.65698pt>
File: figs/lru.pdf Graphic file (type pdf)
 <use figs/lru.pdf> [6 <./figs/nat3d.pdf>]) (./tunmgr.tex <figs/tunmgr.pdf, id=
173, 141.52675pt x 289.08pt>
File: figs/tunmgr.pdf Graphic file (type pdf)

<use figs/tunmgr.pdf> [7 <./figs/lru.pdf>] [8 <./figs/tunmgr.pdf>] [9])
(./tunent.tex <figs/tunent.pdf, id=230, 114.42549pt x 176.65698pt>
File: figs/tunent.pdf Graphic file (type pdf)

<use figs/tunent.pdf> [10 <./figs/tunent.pdf>]) (./tunhdr.tex
<figs/tunhdr.pdf, id=257, 105.39174pt x 104.387pt>
File: figs/tunhdr.pdf Graphic file (type pdf)
 <use figs/tunhdr.pdf>
[11 <./figs/tunhdr.pdf>]) (./resolver.tex
<figs/resolver.pdf, id=284, 123.45924pt x 162.6075pt>
File: figs/resolver.pdf Graphic file (type pdf)
 <use figs/resolver.pdf>
[12 <./figs/resolver.pdf>]) (./dns_query.tex
<figs/blank.pdf, id=311, 105.39174pt x 60.22481pt>
File: figs/blank.pdf Graphic file (type pdf)
 <use figs/blank.pdf>
[13] [14 <./figs/blank.pdf>]) (./dns_packet.tex
File: figs/blank.pdf Graphic file (type pdf)
 <use figs/blank.pdf> [15])
(./dns_header.tex
File: figs/blank.pdf Graphic file (type pdf)
 <use figs/blank.pdf> [16]) (./dns_name.tex
File: figs/blank.pdf Graphic file (type pdf)

<use figs/blank.pdf> [17]
Overfull \hbox (3.71172pt too wide) in paragraph at lines 26--27
[]\OT1/cmr/m/n/10 read[]name(): Reads a name from a packet, han-dling com-pres-
sion as needed. 
 []

) (./dns_rr.tex
File: figs/blank.pdf Graphic file (type pdf)
 <use figs/blank.pdf> [18]) (./dns_a.tex
File: figs/blank.pdf Graphic file (type pdf)
 <use figs/blank.pdf>)
(./dns_compression.tex
File: figs/blank.pdf Graphic file (type pdf)
 <use figs/blank.pdf> [19]

LaTeX Warning: Reference `fig:blank' on page 20 undefined on input line 11.

) [20] (./design.aux)

LaTeX Warning: There were undefined references.

 ) 
Here is how much of TeX's memory you used:
 739 strings out of 94086
 9003 string characters out of 1167701
 57423 words of memory out of 3500000
 4010 multiletter control sequences out of 10000+50000
 8241 words of font info for 29 fonts, out of 1200000 for 2000
 645 hyphenation exceptions out of 8191
 25i,6n,19p,476b,246s stack positions out of 5000i,500n,6000p,200000b,5000s
</usr/share/texmf/fonts/type1/bluesky/cm/cmbx10.pfb></usr/share/texmf/fonts/t
ype1/bluesky/cm/cmbx12.pfb></usr/share/texmf/fonts/type1/bluesky/cm/cmmi10.pfb>
</usr/share/texmf/fonts/type1/bluesky/cm/cmmi7.pfb></usr/share/texmf/fonts/type
1/bluesky/cm/cmr10.pfb></usr/share/texmf/fonts/type1/bluesky/cm/cmr12.pfb></usr
/share/texmf/fonts/type1/bluesky/cm/cmr17.pfb></usr/share/texmf/fonts/type1/blu
esky/cm/cmr7.pfb></usr/share/texmf/fonts/type1/bluesky/cm/cmsy10.pfb></usr/shar
e/texmf/fonts/type1/bluesky/cm/cmti10.pfb>
Output written on design.pdf (20 pages, 294358 bytes).
PDF statistics:
 388 PDF objects out of 1000 (max. 8388607)
 0 named destinations out of 1000 (max. 131072)
 51 words of extra memory for PDF output out of 10000 (max. 10000000)

